<?xml version="1.0" encoding="UTF-8"?>
<!-- Generated by org.testng.reporters.JUnitReportReporter -->
<testsuite skipped="0" hostname="schakrab2l5" name="TestData.DataDriven" tests="3" failures="0" timestamp="25 Jan 2020 00:49:13 GMT" time="19.369" errors="0">
  <testcase name="adminLogin" time="5.663" classname="TestData.DataDriven"/>
  <testcase name="adminLogin" time="6.510" classname="TestData.DataDriven"/>
  <testcase name="adminLogin" time="7.196" classname="TestData.DataDriven"/>
</testsuite> <!-- TestData.DataDriven -->
