<?xml version="1.0" encoding="UTF-8"?>
<!-- Generated by org.testng.reporters.JUnitReportReporter -->
<testsuite skipped="0" hostname="schakrab2l5" name="TestData.DataDriven2" tests="3" failures="0" timestamp="25 Jan 2020 01:49:45 GMT" time="0.007" errors="0">
  <testcase name="addition" time="0.000" classname="TestData.DataDriven2"/>
  <testcase name="addition" time="0.006" classname="TestData.DataDriven2"/>
  <testcase name="addition" time="0.001" classname="TestData.DataDriven2"/>
</testsuite> <!-- TestData.DataDriven2 -->
